Determining if the pthread_create exist failed with the following output:
Change Dir: /home/daslab/BlockSci-daslab/blockscipy/build/temp.linux-x86_64-cpython-37/CMakeFiles/CMakeTmp

Run Build Command:"/usr/bin/make" "cmTC_844be/fast"
/usr/bin/make -f CMakeFiles/cmTC_844be.dir/build.make CMakeFiles/cmTC_844be.dir/build
make[1]: Entering directory '/home/daslab/BlockSci-daslab/blockscipy/build/temp.linux-x86_64-cpython-37/CMakeFiles/CMakeTmp'
Building C object CMakeFiles/cmTC_844be.dir/CheckSymbolExists.c.o
/usr/bin/cc    -o CMakeFiles/cmTC_844be.dir/CheckSymbolExists.c.o   -c /home/daslab/BlockSci-daslab/blockscipy/build/temp.linux-x86_64-cpython-37/CMakeFiles/CMakeTmp/CheckSymbolExists.c
Linking C executable cmTC_844be
/usr/bin/cmake -E cmake_link_script CMakeFiles/cmTC_844be.dir/link.txt --verbose=1
/usr/bin/cc      CMakeFiles/cmTC_844be.dir/CheckSymbolExists.c.o  -o cmTC_844be 
CMakeFiles/cmTC_844be.dir/CheckSymbolExists.c.o: In function `main':
CheckSymbolExists.c:(.text+0x1b): undefined reference to `pthread_create'
collect2: error: ld returned 1 exit status
CMakeFiles/cmTC_844be.dir/build.make:97: recipe for target 'cmTC_844be' failed
make[1]: *** [cmTC_844be] Error 1
make[1]: Leaving directory '/home/daslab/BlockSci-daslab/blockscipy/build/temp.linux-x86_64-cpython-37/CMakeFiles/CMakeTmp'
Makefile:126: recipe for target 'cmTC_844be/fast' failed
make: *** [cmTC_844be/fast] Error 2

File /home/daslab/BlockSci-daslab/blockscipy/build/temp.linux-x86_64-cpython-37/CMakeFiles/CMakeTmp/CheckSymbolExists.c:
/* */
#include <pthread.h>

int main(int argc, char** argv)
{
  (void)argv;
#ifndef pthread_create
  return ((int*)(&pthread_create))[argc];
#else
  (void)argc;
  return 0;
#endif
}

Determining if the function pthread_create exists in the pthreads failed with the following output:
Change Dir: /home/daslab/BlockSci-daslab/blockscipy/build/temp.linux-x86_64-cpython-37/CMakeFiles/CMakeTmp

Run Build Command:"/usr/bin/make" "cmTC_e41d9/fast"
/usr/bin/make -f CMakeFiles/cmTC_e41d9.dir/build.make CMakeFiles/cmTC_e41d9.dir/build
make[1]: Entering directory '/home/daslab/BlockSci-daslab/blockscipy/build/temp.linux-x86_64-cpython-37/CMakeFiles/CMakeTmp'
Building C object CMakeFiles/cmTC_e41d9.dir/CheckFunctionExists.c.o
/usr/bin/cc   -DCHECK_FUNCTION_EXISTS=pthread_create   -o CMakeFiles/cmTC_e41d9.dir/CheckFunctionExists.c.o   -c /usr/share/cmake-3.10/Modules/CheckFunctionExists.c
Linking C executable cmTC_e41d9
/usr/bin/cmake -E cmake_link_script CMakeFiles/cmTC_e41d9.dir/link.txt --verbose=1
/usr/bin/cc  -DCHECK_FUNCTION_EXISTS=pthread_create    CMakeFiles/cmTC_e41d9.dir/CheckFunctionExists.c.o  -o cmTC_e41d9 -lpthreads 
/usr/bin/ld: cannot find -lpthreads
collect2: error: ld returned 1 exit status
CMakeFiles/cmTC_e41d9.dir/build.make:97: recipe for target 'cmTC_e41d9' failed
make[1]: *** [cmTC_e41d9] Error 1
make[1]: Leaving directory '/home/daslab/BlockSci-daslab/blockscipy/build/temp.linux-x86_64-cpython-37/CMakeFiles/CMakeTmp'
Makefile:126: recipe for target 'cmTC_e41d9/fast' failed
make: *** [cmTC_e41d9/fast] Error 2


