Determining if the pthread_create exist failed with the following output:
Change Dir: /home/daslab/BlockSci-daslab/release/CMakeFiles/CMakeTmp

Run Build Command:"/usr/bin/make" "cmTC_0ed1b/fast"
/usr/bin/make -f CMakeFiles/cmTC_0ed1b.dir/build.make CMakeFiles/cmTC_0ed1b.dir/build
make[1]: Entering directory '/home/daslab/BlockSci-daslab/release/CMakeFiles/CMakeTmp'
Building C object CMakeFiles/cmTC_0ed1b.dir/CheckSymbolExists.c.o
/usr/bin/gcc-7    -o CMakeFiles/cmTC_0ed1b.dir/CheckSymbolExists.c.o   -c /home/daslab/BlockSci-daslab/release/CMakeFiles/CMakeTmp/CheckSymbolExists.c
Linking C executable cmTC_0ed1b
/usr/bin/cmake -E cmake_link_script CMakeFiles/cmTC_0ed1b.dir/link.txt --verbose=1
/usr/bin/gcc-7      -rdynamic CMakeFiles/cmTC_0ed1b.dir/CheckSymbolExists.c.o  -o cmTC_0ed1b 
CMakeFiles/cmTC_0ed1b.dir/CheckSymbolExists.c.o: In function `main':
CheckSymbolExists.c:(.text+0x1b): undefined reference to `pthread_create'
collect2: error: ld returned 1 exit status
CMakeFiles/cmTC_0ed1b.dir/build.make:97: recipe for target 'cmTC_0ed1b' failed
make[1]: *** [cmTC_0ed1b] Error 1
make[1]: Leaving directory '/home/daslab/BlockSci-daslab/release/CMakeFiles/CMakeTmp'
Makefile:126: recipe for target 'cmTC_0ed1b/fast' failed
make: *** [cmTC_0ed1b/fast] Error 2

File /home/daslab/BlockSci-daslab/release/CMakeFiles/CMakeTmp/CheckSymbolExists.c:
/* */
#include <pthread.h>

int main(int argc, char** argv)
{
  (void)argv;
#ifndef pthread_create
  return ((int*)(&pthread_create))[argc];
#else
  (void)argc;
  return 0;
#endif
}

Determining if the function pthread_create exists in the pthreads failed with the following output:
Change Dir: /home/daslab/BlockSci-daslab/release/CMakeFiles/CMakeTmp

Run Build Command:"/usr/bin/make" "cmTC_c9a49/fast"
/usr/bin/make -f CMakeFiles/cmTC_c9a49.dir/build.make CMakeFiles/cmTC_c9a49.dir/build
make[1]: Entering directory '/home/daslab/BlockSci-daslab/release/CMakeFiles/CMakeTmp'
Building C object CMakeFiles/cmTC_c9a49.dir/CheckFunctionExists.c.o
/usr/bin/gcc-7   -DCHECK_FUNCTION_EXISTS=pthread_create   -o CMakeFiles/cmTC_c9a49.dir/CheckFunctionExists.c.o   -c /usr/share/cmake-3.10/Modules/CheckFunctionExists.c
Linking C executable cmTC_c9a49
/usr/bin/cmake -E cmake_link_script CMakeFiles/cmTC_c9a49.dir/link.txt --verbose=1
/usr/bin/gcc-7  -DCHECK_FUNCTION_EXISTS=pthread_create    -rdynamic CMakeFiles/cmTC_c9a49.dir/CheckFunctionExists.c.o  -o cmTC_c9a49 -lpthreads 
/usr/bin/ld: cannot find -lpthreads
collect2: error: ld returned 1 exit status
CMakeFiles/cmTC_c9a49.dir/build.make:97: recipe for target 'cmTC_c9a49' failed
make[1]: *** [cmTC_c9a49] Error 1
make[1]: Leaving directory '/home/daslab/BlockSci-daslab/release/CMakeFiles/CMakeTmp'
Makefile:126: recipe for target 'cmTC_c9a49/fast' failed
make: *** [cmTC_c9a49/fast] Error 2


Performing C++ SOURCE FILE Test HAS_CLASS_MEMACCESS failed with the following output:
Change Dir: /home/daslab/BlockSci-daslab/release/CMakeFiles/CMakeTmp

Run Build Command:"/usr/bin/make" "cmTC_f9a4b/fast"
/usr/bin/make -f CMakeFiles/cmTC_f9a4b.dir/build.make CMakeFiles/cmTC_f9a4b.dir/build
make[1]: Entering directory '/home/daslab/BlockSci-daslab/release/CMakeFiles/CMakeTmp'
Building CXX object CMakeFiles/cmTC_f9a4b.dir/src.cxx.o
/usr/bin/g++-7    -fPIC -fvisibility=hidden -DHAS_CLASS_MEMACCESS   -Wclass-memaccess -o CMakeFiles/cmTC_f9a4b.dir/src.cxx.o -c /home/daslab/BlockSci-daslab/release/CMakeFiles/CMakeTmp/src.cxx
g++-7: error: unrecognized command line option '-Wclass-memaccess'
CMakeFiles/cmTC_f9a4b.dir/build.make:65: recipe for target 'CMakeFiles/cmTC_f9a4b.dir/src.cxx.o' failed
make[1]: *** [CMakeFiles/cmTC_f9a4b.dir/src.cxx.o] Error 1
make[1]: Leaving directory '/home/daslab/BlockSci-daslab/release/CMakeFiles/CMakeTmp'
Makefile:126: recipe for target 'cmTC_f9a4b/fast' failed
make: *** [cmTC_f9a4b/fast] Error 2

Source file was:
int main() { return 0; }
