Determining if the pthread_create exist failed with the following output:
Change Dir: /home/daslab/BlockSci-daslab/blockscipy/build/temp.linux-x86_64-cpython-39/CMakeFiles/CMakeTmp

Run Build Command:"/usr/bin/make" "cmTC_8ff54/fast"
/usr/bin/make -f CMakeFiles/cmTC_8ff54.dir/build.make CMakeFiles/cmTC_8ff54.dir/build
make[1]: Entering directory '/home/daslab/BlockSci-daslab/blockscipy/build/temp.linux-x86_64-cpython-39/CMakeFiles/CMakeTmp'
Building C object CMakeFiles/cmTC_8ff54.dir/CheckSymbolExists.c.o
/usr/bin/cc    -o CMakeFiles/cmTC_8ff54.dir/CheckSymbolExists.c.o   -c /home/daslab/BlockSci-daslab/blockscipy/build/temp.linux-x86_64-cpython-39/CMakeFiles/CMakeTmp/CheckSymbolExists.c
Linking C executable cmTC_8ff54
/usr/bin/cmake -E cmake_link_script CMakeFiles/cmTC_8ff54.dir/link.txt --verbose=1
/usr/bin/cc      CMakeFiles/cmTC_8ff54.dir/CheckSymbolExists.c.o  -o cmTC_8ff54 
CMakeFiles/cmTC_8ff54.dir/CheckSymbolExists.c.o: In function `main':
CheckSymbolExists.c:(.text+0x1b): undefined reference to `pthread_create'
collect2: error: ld returned 1 exit status
CMakeFiles/cmTC_8ff54.dir/build.make:97: recipe for target 'cmTC_8ff54' failed
make[1]: *** [cmTC_8ff54] Error 1
make[1]: Leaving directory '/home/daslab/BlockSci-daslab/blockscipy/build/temp.linux-x86_64-cpython-39/CMakeFiles/CMakeTmp'
Makefile:126: recipe for target 'cmTC_8ff54/fast' failed
make: *** [cmTC_8ff54/fast] Error 2

File /home/daslab/BlockSci-daslab/blockscipy/build/temp.linux-x86_64-cpython-39/CMakeFiles/CMakeTmp/CheckSymbolExists.c:
/* */
#include <pthread.h>

int main(int argc, char** argv)
{
  (void)argv;
#ifndef pthread_create
  return ((int*)(&pthread_create))[argc];
#else
  (void)argc;
  return 0;
#endif
}

Determining if the function pthread_create exists in the pthreads failed with the following output:
Change Dir: /home/daslab/BlockSci-daslab/blockscipy/build/temp.linux-x86_64-cpython-39/CMakeFiles/CMakeTmp

Run Build Command:"/usr/bin/make" "cmTC_12dd5/fast"
/usr/bin/make -f CMakeFiles/cmTC_12dd5.dir/build.make CMakeFiles/cmTC_12dd5.dir/build
make[1]: Entering directory '/home/daslab/BlockSci-daslab/blockscipy/build/temp.linux-x86_64-cpython-39/CMakeFiles/CMakeTmp'
Building C object CMakeFiles/cmTC_12dd5.dir/CheckFunctionExists.c.o
/usr/bin/cc   -DCHECK_FUNCTION_EXISTS=pthread_create   -o CMakeFiles/cmTC_12dd5.dir/CheckFunctionExists.c.o   -c /usr/share/cmake-3.10/Modules/CheckFunctionExists.c
Linking C executable cmTC_12dd5
/usr/bin/cmake -E cmake_link_script CMakeFiles/cmTC_12dd5.dir/link.txt --verbose=1
/usr/bin/cc  -DCHECK_FUNCTION_EXISTS=pthread_create    CMakeFiles/cmTC_12dd5.dir/CheckFunctionExists.c.o  -o cmTC_12dd5 -lpthreads 
/usr/bin/ld: cannot find -lpthreads
collect2: error: ld returned 1 exit status
CMakeFiles/cmTC_12dd5.dir/build.make:97: recipe for target 'cmTC_12dd5' failed
make[1]: *** [cmTC_12dd5] Error 1
make[1]: Leaving directory '/home/daslab/BlockSci-daslab/blockscipy/build/temp.linux-x86_64-cpython-39/CMakeFiles/CMakeTmp'
Makefile:126: recipe for target 'cmTC_12dd5/fast' failed
make: *** [cmTC_12dd5/fast] Error 2


